<?xml version="1.0" encoding="UTF-8"?>
<!-- Generated by org.testng.reporters.JUnitReportReporter -->
<testsuite hostname="LAPTOP-2RJ2EH61" failures="0" tests="1" name="casestudy.SauceTest" time="7.190" errors="0" timestamp="2024-10-14T11:16:10 IST" skipped="0">
  <testcase classname="casestudy.SauceTest" name="getURL" time="7.190"/>
  <system-out/>
</testsuite> <!-- casestudy.SauceTest -->
