<?xml version="1.0" encoding="UTF-8"?>
<!-- Generated by org.testng.reporters.JUnitReportReporter -->
<testsuite hostname="LAPTOP-2RJ2EH61" failures="0" tests="1" name="casestudy.MavenJenkinsTest" time="5.252" errors="0" timestamp="2024-11-26T13:51:14 IST" skipped="0">
  <testcase classname="casestudy.MavenJenkinsTest" name="getURL" time="5.252"/>
  <system-out/>
</testsuite> <!-- casestudy.MavenJenkinsTest -->
