<?xml version="1.0" encoding="UTF-8"?>
<!-- Generated by org.testng.reporters.JUnitReportReporter -->
<testsuite hostname="LAPTOP-2RJ2EH61" failures="0" tests="1" name="casestudy.MavenJenkinsTest" time="5.679" errors="0" timestamp="2024-10-14T11:50:02 IST" skipped="0">
  <testcase classname="casestudy.MavenJenkinsTest" name="getURL" time="5.679"/>
</testsuite> <!-- casestudy.MavenJenkinsTest -->
